{"C:\\Users\\Victor\\Desktop\\codigo_celulou\\backend\\src\\entities\\Cliente.ts": {"path":"C:\\Users\\Victor\\Desktop\\codigo_celulou\\backend\\src\\entities\\Cliente.ts","statementMap":{"0":{"start":{"line":12,"column":8},"end":{"line":12,"column":35}},"1":{"start":{"line":1,"column":0},"end":{"line":1,"column":13}}},"fnMap":{"0":{"name":"(anonymous_0)","decl":{"start":{"line":11,"column":4},"end":{"line":11,"column":16}},"loc":{"start":{"line":11,"column":77},"end":{"line":13,"column":5}}}},"branchMap":{},"s":{"0":0,"1":1},"f":{"0":0},"b":{}}
,"C:\\Users\\Victor\\Desktop\\codigo_celulou\\backend\\src\\errors\\AppError.ts": {"path":"C:\\Users\\Victor\\Desktop\\codigo_celulou\\backend\\src\\errors\\AppError.ts","statementMap":{"0":{"start":{"line":6,"column":8},"end":{"line":6,"column":23}},"1":{"start":{"line":7,"column":8},"end":{"line":7,"column":38}},"2":{"start":{"line":11,"column":8},"end":{"line":11,"column":32}},"3":{"start":{"line":15,"column":8},"end":{"line":15,"column":29}},"4":{"start":{"line":1,"column":0},"end":{"line":1,"column":13}}},"fnMap":{"0":{"name":"(anonymous_0)","decl":{"start":{"line":5,"column":4},"end":{"line":5,"column":16}},"loc":{"start":{"line":5,"column":51},"end":{"line":8,"column":5}}},"1":{"name":"(anonymous_1)","decl":{"start":{"line":10,"column":4},"end":{"line":10,"column":8}},"loc":{"start":{"line":10,"column":18},"end":{"line":12,"column":5}}},"2":{"name":"(anonymous_2)","decl":{"start":{"line":14,"column":4},"end":{"line":14,"column":8}},"loc":{"start":{"line":14,"column":15},"end":{"line":16,"column":5}}}},"branchMap":{},"s":{"0":0,"1":0,"2":0,"3":0,"4":1},"f":{"0":0,"1":0,"2":0},"b":{}}
,"C:\\Users\\Victor\\Desktop\\codigo_celulou\\backend\\src\\repositories\\implementations\\MySqlClientesRepository.ts": {"path":"C:\\Users\\Victor\\Desktop\\codigo_celulou\\backend\\src\\repositories\\implementations\\MySqlClientesRepository.ts","statementMap":{"0":{"start":{"line":1,"column":0},"end":{"line":1,"column":46}},"1":{"start":{"line":13,"column":12},"end":{"line":13,"column":40}},"2":{"start":{"line":8,"column":8},"end":{"line":8,"column":51}},"3":{"start":{"line":11,"column":8},"end":{"line":11,"column":51}},"4":{"start":{"line":5,"column":0},"end":{"line":5,"column":13}}},"fnMap":{"0":{"name":"(anonymous_0)","decl":{"start":{"line":5,"column":0},"end":{"line":5,"column":13}},"loc":{"start":{"line":5,"column":0},"end":{"line":15,"column":1}}},"1":{"name":"(anonymous_1)","decl":{"start":{"line":7,"column":4},"end":{"line":7,"column":22}},"loc":{"start":{"line":7,"column":44},"end":{"line":9,"column":5}}},"2":{"name":"(anonymous_2)","decl":{"start":{"line":10,"column":4},"end":{"line":10,"column":8}},"loc":{"start":{"line":10,"column":25},"end":{"line":12,"column":5}}}},"branchMap":{},"s":{"0":1,"1":1,"2":0,"3":0,"4":1},"f":{"0":1,"1":0,"2":0},"b":{}}
,"C:\\Users\\Victor\\Desktop\\codigo_celulou\\backend\\src\\repositories\\implementations\\index.ts": {"path":"C:\\Users\\Victor\\Desktop\\codigo_celulou\\backend\\src\\repositories\\implementations\\index.ts","statementMap":{"0":{"start":{"line":1,"column":0},"end":{"line":1,"column":68}},"1":{"start":{"line":3,"column":32},"end":{"line":3,"column":59}},"2":{"start":{"line":5,"column":9},"end":{"line":5,"column":32}}},"fnMap":{},"branchMap":{},"s":{"0":1,"1":1,"2":1},"f":{},"b":{}}
,"C:\\Users\\Victor\\Desktop\\codigo_celulou\\backend\\src\\repositories\\in-memory\\InMemoryClientesRepository.ts": {"path":"C:\\Users\\Victor\\Desktop\\codigo_celulou\\backend\\src\\repositories\\in-memory\\InMemoryClientesRepository.ts","statementMap":{"0":{"start":{"line":5,"column":11},"end":{"line":16,"column":6}},"1":{"start":{"line":18,"column":8},"end":{"line":18,"column":51}},"2":{"start":{"line":21,"column":8},"end":{"line":21,"column":51}},"3":{"start":{"line":4,"column":0},"end":{"line":4,"column":13}}},"fnMap":{"0":{"name":"(anonymous_0)","decl":{"start":{"line":4,"column":0},"end":{"line":4,"column":13}},"loc":{"start":{"line":4,"column":0},"end":{"line":25,"column":1}}},"1":{"name":"(anonymous_1)","decl":{"start":{"line":17,"column":4},"end":{"line":17,"column":22}},"loc":{"start":{"line":17,"column":44},"end":{"line":19,"column":5}}},"2":{"name":"(anonymous_2)","decl":{"start":{"line":20,"column":4},"end":{"line":20,"column":8}},"loc":{"start":{"line":20,"column":25},"end":{"line":22,"column":5}}}},"branchMap":{},"s":{"0":1,"1":0,"2":0,"3":1},"f":{"0":1,"1":0,"2":0},"b":{}}
,"C:\\Users\\Victor\\Desktop\\codigo_celulou\\backend\\src\\repositories\\in-memory\\index.ts": {"path":"C:\\Users\\Victor\\Desktop\\codigo_celulou\\backend\\src\\repositories\\in-memory\\index.ts","statementMap":{"0":{"start":{"line":1,"column":0},"end":{"line":1,"column":74}},"1":{"start":{"line":3,"column":35},"end":{"line":3,"column":65}},"2":{"start":{"line":5,"column":9},"end":{"line":5,"column":35}}},"fnMap":{},"branchMap":{},"s":{"0":1,"1":1,"2":1},"f":{},"b":{}}
,"C:\\Users\\Victor\\Desktop\\codigo_celulou\\backend\\src\\useCases\\clientes\\CreateCliente\\CreateClienteController.ts": {"path":"C:\\Users\\Victor\\Desktop\\codigo_celulou\\backend\\src\\useCases\\clientes\\CreateCliente\\CreateClienteController.ts","statementMap":{"0":{"start":{"line":3,"column":0},"end":{"line":3,"column":52}},"1":{"start":{"line":4,"column":0},"end":{"line":4,"column":31}},"2":{"start":{"line":8,"column":16},"end":{"line":8,"column":48}},"3":{"start":{"line":12,"column":8},"end":{"line":37,"column":9}},"4":{"start":{"line":13,"column":85},"end":{"line":13,"column":97}},"5":{"start":{"line":15,"column":25},"end":{"line":17,"column":14}},"6":{"start":{"line":19,"column":12},"end":{"line":19,"column":null}},"7":{"start":{"line":21,"column":12},"end":{"line":36,"column":13}},"8":{"start":{"line":22,"column":16},"end":{"line":22,"column":null}},"9":{"start":{"line":23,"column":16},"end":{"line":27,"column":17}},"10":{"start":{"line":24,"column":20},"end":{"line":26,"column":23}},"11":{"start":{"line":29,"column":16},"end":{"line":31,"column":17}},"12":{"start":{"line":30,"column":20},"end":{"line":30,"column":null}},"13":{"start":{"line":33,"column":16},"end":{"line":33,"column":75}},"14":{"start":{"line":35,"column":16},"end":{"line":35,"column":80}},"15":{"start":{"line":6,"column":0},"end":{"line":6,"column":13}}},"fnMap":{"0":{"name":"(anonymous_7)","decl":{"start":{"line":7,"column":4},"end":{"line":7,"column":null}},"loc":{"start":{"line":8,"column":48},"end":{"line":9,"column":8}}},"1":{"name":"(anonymous_8)","decl":{"start":{"line":11,"column":10},"end":{"line":11,"column":16}},"loc":{"start":{"line":11,"column":53},"end":{"line":38,"column":null}}}},"branchMap":{"0":{"loc":{"start":{"line":21,"column":12},"end":{"line":36,"column":13}},"type":"if","locations":[{"start":{"line":21,"column":12},"end":{"line":36,"column":13}},{"start":{"line":34,"column":19},"end":{"line":36,"column":13}}]},"1":{"loc":{"start":{"line":23,"column":16},"end":{"line":27,"column":17}},"type":"if","locations":[{"start":{"line":23,"column":16},"end":{"line":27,"column":17}}]},"2":{"loc":{"start":{"line":29,"column":16},"end":{"line":31,"column":17}},"type":"if","locations":[{"start":{"line":29,"column":16},"end":{"line":31,"column":17}}]}},"s":{"0":1,"1":1,"2":1,"3":0,"4":0,"5":0,"6":0,"7":0,"8":0,"9":0,"10":0,"11":0,"12":0,"13":0,"14":0,"15":1},"f":{"0":1,"1":0},"b":{"0":[0,0],"1":[0],"2":[0]}}
,"C:\\Users\\Victor\\Desktop\\codigo_celulou\\backend\\src\\useCases\\clientes\\CreateCliente\\CreateClienteUC.ts": {"path":"C:\\Users\\Victor\\Desktop\\codigo_celulou\\backend\\src\\useCases\\clientes\\CreateCliente\\CreateClienteUC.ts","statementMap":{"0":{"start":{"line":1,"column":0},"end":{"line":1,"column":52}},"1":{"start":{"line":2,"column":0},"end":{"line":2,"column":52}},"2":{"start":{"line":4,"column":0},"end":{"line":4,"column":65}},"3":{"start":{"line":5,"column":0},"end":{"line":5,"column":61}},"4":{"start":{"line":7,"column":0},"end":{"line":7,"column":28}},"5":{"start":{"line":11,"column":16},"end":{"line":11,"column":55}},"6":{"start":{"line":15,"column":8},"end":{"line":48,"column":9}},"7":{"start":{"line":16,"column":83},"end":{"line":16,"column":87}},"8":{"start":{"line":17,"column":12},"end":{"line":17,"column":57}},"9":{"start":{"line":18,"column":12},"end":{"line":18,"column":null}},"10":{"start":{"line":19,"column":12},"end":{"line":21,"column":15}},"11":{"start":{"line":23,"column":25},"end":{"line":23,"column":73}},"12":{"start":{"line":25,"column":39},"end":{"line":25,"column":43}},"13":{"start":{"line":27,"column":12},"end":{"line":32,"column":43}},"14":{"start":{"line":28,"column":16},"end":{"line":28,"column":51}},"15":{"start":{"line":30,"column":16},"end":{"line":30,"column":88}},"16":{"start":{"line":34,"column":30},"end":{"line":34,"column":50}},"17":{"start":{"line":35,"column":28},"end":{"line":35,"column":33}},"18":{"start":{"line":37,"column":28},"end":{"line":37,"column":137}},"19":{"start":{"line":39,"column":12},"end":{"line":39,"column":56}},"20":{"start":{"line":41,"column":12},"end":{"line":41,"column":null}},"21":{"start":{"line":43,"column":12},"end":{"line":47,"column":13}},"22":{"start":{"line":44,"column":16},"end":{"line":44,"column":28}},"23":{"start":{"line":46,"column":16},"end":{"line":46,"column":null}},"24":{"start":{"line":9,"column":0},"end":{"line":9,"column":13}}},"fnMap":{"0":{"name":"(anonymous_8)","decl":{"start":{"line":10,"column":4},"end":{"line":10,"column":null}},"loc":{"start":{"line":11,"column":55},"end":{"line":12,"column":8}}},"1":{"name":"(anonymous_9)","decl":{"start":{"line":14,"column":10},"end":{"line":14,"column":17}},"loc":{"start":{"line":14,"column":48},"end":{"line":49,"column":null}}}},"branchMap":{"0":{"loc":{"start":{"line":43,"column":12},"end":{"line":47,"column":13}},"type":"if","locations":[{"start":{"line":43,"column":12},"end":{"line":47,"column":13}},{"start":{"line":45,"column":19},"end":{"line":47,"column":13}}]}},"s":{"0":1,"1":1,"2":1,"3":1,"4":1,"5":2,"6":1,"7":1,"8":1,"9":1,"10":1,"11":1,"12":0,"13":0,"14":0,"15":0,"16":0,"17":0,"18":0,"19":0,"20":0,"21":0,"22":0,"23":0,"24":1},"f":{"0":2,"1":1},"b":{"0":[0,0]}}
,"C:\\Users\\Victor\\Desktop\\codigo_celulou\\backend\\src\\useCases\\clientes\\CreateCliente\\index.ts": {"path":"C:\\Users\\Victor\\Desktop\\codigo_celulou\\backend\\src\\useCases\\clientes\\CreateCliente\\index.ts","statementMap":{"0":{"start":{"line":1,"column":0},"end":{"line":1,"column":80}},"1":{"start":{"line":2,"column":0},"end":{"line":2,"column":77}},"2":{"start":{"line":3,"column":0},"end":{"line":3,"column":68}},"3":{"start":{"line":4,"column":0},"end":{"line":4,"column":52}},"4":{"start":{"line":7,"column":24},"end":{"line":7,"column":68}},"5":{"start":{"line":13,"column":9},"end":{"line":13,"column":24}},"6":{"start":{"line":8,"column":32},"end":{"line":8,"column":76}},"7":{"start":{"line":13,"column":26},"end":{"line":13,"column":49}},"8":{"start":{"line":11,"column":28},"end":{"line":11,"column":75}},"9":{"start":{"line":13,"column":51},"end":{"line":13,"column":70}}},"fnMap":{},"branchMap":{},"s":{"0":1,"1":1,"2":1,"3":1,"4":1,"5":1,"6":1,"7":1,"8":1,"9":1},"f":{},"b":{}}
,"C:\\Users\\Victor\\Desktop\\codigo_celulou\\backend\\src\\useCases\\clientes\\ValidarFormCliente\\ValidarFormClienteUC.ts": {"path":"C:\\Users\\Victor\\Desktop\\codigo_celulou\\backend\\src\\useCases\\clientes\\ValidarFormCliente\\ValidarFormClienteUC.ts","statementMap":{"0":{"start":{"line":1,"column":0},"end":{"line":1,"column":52}},"1":{"start":{"line":2,"column":0},"end":{"line":2,"column":34}},"2":{"start":{"line":10,"column":30},"end":{"line":30,"column":10}},"3":{"start":{"line":32,"column":24},"end":{"line":38,"column":null}},"4":{"start":{"line":39,"column":8},"end":{"line":47,"column":9}},"5":{"start":{"line":40,"column":12},"end":{"line":40,"column":41}},"6":{"start":{"line":42,"column":12},"end":{"line":46,"column":13}},"7":{"start":{"line":43,"column":16},"end":{"line":43,"column":28}},"8":{"start":{"line":45,"column":16},"end":{"line":45,"column":null}},"9":{"start":{"line":5,"column":0},"end":{"line":5,"column":13}}},"fnMap":{"0":{"name":"(anonymous_7)","decl":{"start":{"line":6,"column":4},"end":{"line":6,"column":20}},"loc":{"start":{"line":6,"column":4},"end":{"line":6,"column":21}}},"1":{"name":"(anonymous_8)","decl":{"start":{"line":8,"column":10},"end":{"line":8,"column":17}},"loc":{"start":{"line":8,"column":53},"end":{"line":48,"column":null}}}},"branchMap":{"0":{"loc":{"start":{"line":42,"column":12},"end":{"line":46,"column":13}},"type":"if","locations":[{"start":{"line":42,"column":12},"end":{"line":46,"column":13}},{"start":{"line":44,"column":19},"end":{"line":46,"column":13}}]},"1":{"loc":{"start":{"line":42,"column":16},"end":{"line":42,"column":67}},"type":"binary-expr","locations":[{"start":{"line":42,"column":16},"end":{"line":42,"column":38}},{"start":{"line":42,"column":42},"end":{"line":42,"column":67}}]}},"s":{"0":1,"1":1,"2":1,"3":1,"4":1,"5":1,"6":0,"7":0,"8":0,"9":1},"f":{"0":1,"1":1},"b":{"0":[0,0],"1":[0,0]}}
,"C:\\Users\\Victor\\Desktop\\codigo_celulou\\backend\\src\\useCases\\clientes\\ValidarFormCliente\\index.ts": {"path":"C:\\Users\\Victor\\Desktop\\codigo_celulou\\backend\\src\\useCases\\clientes\\ValidarFormCliente\\index.ts","statementMap":{"0":{"start":{"line":1,"column":0},"end":{"line":1,"column":62}},"1":{"start":{"line":3,"column":29},"end":{"line":3,"column":55}},"2":{"start":{"line":5,"column":9},"end":{"line":5,"column":29}}},"fnMap":{},"branchMap":{},"s":{"0":1,"1":1,"2":1},"f":{},"b":{}}
,"C:\\Users\\Victor\\Desktop\\codigo_celulou\\backend\\src\\utils\\EncriptarSenha\\EncriptarSenhaUC.ts": {"path":"C:\\Users\\Victor\\Desktop\\codigo_celulou\\backend\\src\\utils\\EncriptarSenha\\EncriptarSenhaUC.ts","statementMap":{"0":{"start":{"line":2,"column":0},"end":{"line":2,"column":28}},"1":{"start":{"line":8,"column":8},"end":{"line":16,"column":9}},"2":{"start":{"line":9,"column":30},"end":{"line":9,"column":34}},"3":{"start":{"line":10,"column":25},"end":{"line":10,"column":53}},"4":{"start":{"line":12,"column":12},"end":{"line":12,"column":28}},"5":{"start":{"line":15,"column":12},"end":{"line":15,"column":24}},"6":{"start":{"line":4,"column":0},"end":{"line":4,"column":13}}},"fnMap":{"0":{"name":"(anonymous_8)","decl":{"start":{"line":5,"column":4},"end":{"line":5,"column":19}},"loc":{"start":{"line":5,"column":4},"end":{"line":5,"column":20}}},"1":{"name":"(anonymous_9)","decl":{"start":{"line":7,"column":10},"end":{"line":7,"column":17}},"loc":{"start":{"line":7,"column":49},"end":{"line":17,"column":null}}}},"branchMap":{},"s":{"0":1,"1":1,"2":1,"3":1,"4":0,"5":0,"6":1},"f":{"0":1,"1":1},"b":{}}
,"C:\\Users\\Victor\\Desktop\\codigo_celulou\\backend\\src\\utils\\EncriptarSenha\\index.ts": {"path":"C:\\Users\\Victor\\Desktop\\codigo_celulou\\backend\\src\\utils\\EncriptarSenha\\index.ts","statementMap":{"0":{"start":{"line":1,"column":0},"end":{"line":1,"column":54}},"1":{"start":{"line":3,"column":25},"end":{"line":3,"column":47}},"2":{"start":{"line":5,"column":9},"end":{"line":5,"column":25}}},"fnMap":{},"branchMap":{},"s":{"0":1,"1":1,"2":1},"f":{},"b":{}}
}
